Building DAG of jobs...
Using shell: /bin/bash
Provided cores: 60
Rules claiming more threads will be scaled down.
Job counts:
	count	jobs
	1	all
	1	bismark_align_pe
	1	bismark_prepare_genome
	3
Select jobs to execute...

[Fri Feb  5 16:58:08 2021]
rule bismark_prepare_genome:
    input: /kyber/Data/Nanopore/Analysis/gmoney/CHM13/v1.0_final_assembly/reference/chm13.draft_v1.0.fasta
    output: /kyber/Data/NGS/projects/rrbs_chm13/Bisulfite_Genome
    log: /kyber/Data/NGS/projects/rrbs_chm13/bsgenomeprep.log
    jobid: 2

[Fri Feb  5 16:58:08 2021]
Error in rule bismark_prepare_genome:
    jobid: 2
    output: /kyber/Data/NGS/projects/rrbs_chm13/Bisulfite_Genome
    log: /kyber/Data/NGS/projects/rrbs_chm13/bsgenomeprep.log (check log file(s) for error message)
    shell:
        
  	/home/paul//software/Bismark-0.22.2/bismark_genome_preparation --verbose /kyber/Data/Nanopore/Analysis/gmoney/CHM13/v1.0_final_assembly/reference/chm13.draft_v1.0.fasta &> /kyber/Data/NGS/projects/rrbs_chm13/bsgenomeprep.log && touch /kyber/Data/NGS/projects/rrbs_chm13/Bisulfite_Genome
     
        (one of the commands exited with non-zero exit code; note that snakemake uses bash strict mode!)

Shutting down, this might take some time.
Exiting because a job execution failed. Look above for error message
Complete log: /home/phook2/code/rrbs/.snakemake/log/2021-02-05T165808.162258.snakemake.log
