Building DAG of jobs...
Using shell: /bin/bash
Provided cores: 60
Rules claiming more threads will be scaled down.
Job counts:
	count	jobs
	1	all
	1	bismark_align_pe
	1	bismark_prepare_genome
	3
Select jobs to execute...

[Fri Feb  5 17:11:01 2021]
rule bismark_prepare_genome:
    input: /home/phook2/code/rrbs/chm13
    output: /kyber/Data/NGS/projects/rrbs_chm13/Bisulfite_Genome
    log: /kyber/Data/NGS/projects/rrbs_chm13/bsgenomeprep.log
    jobid: 2

Terminating processes on user request, this might take some time.
[Fri Feb  5 17:11:10 2021]
Error in rule bismark_prepare_genome:
    jobid: 2
    output: /kyber/Data/NGS/projects/rrbs_chm13/Bisulfite_Genome
    log: /kyber/Data/NGS/projects/rrbs_chm13/bsgenomeprep.log (check log file(s) for error message)
    shell:
        
  	/home/phook2/software/Bismark-0.22.2/bismark_genome_preparation --verbose /home/phook2/code/rrbs/chm13 &> /kyber/Data/NGS/projects/rrbs_chm13/bsgenomeprep.log && touch /kyber/Data/NGS/projects/rrbs_chm13/Bisulfite_Genome
     
        (one of the commands exited with non-zero exit code; note that snakemake uses bash strict mode!)

Complete log: /home/phook2/code/rrbs/.snakemake/log/2021-02-05T171100.958066.snakemake.log
