Building DAG of jobs...
Using shell: /bin/bash
Provided cores: 60
Rules claiming more threads will be scaled down.
Job counts:
	count	jobs
	1	all
	1	bismark_align_pe
	2

[Sat Feb  6 19:27:00 2021]
rule bismark_align_pe:
    input: /mithril/Data/NGS/projects/rrbs_chm13/fastq/trimmed/SRR951000_val_1.fq.gz, /mithril/Data/NGS/projects/rrbs_chm13/fastq/trimmed/SRR951000_val_2.fq.gz, /kyber/Data/NGS/projects/rrbs_chm13/Bisulfite_Genome, /home/phook2/code/rrbs/chm13
    output: /kyber/Data/NGS/projects/rrbs_chm13/bsseq/SRR951000_bismark_bt2_pe.bam
    log: /kyber/Data/NGS/projects/rrbs_chm13/SRR951000.align.log
    jobid: 1
    wildcards: sample=SRR951000
    threads: 4

Terminating processes on user request, this might take some time.
[Sat Feb  6 19:27:52 2021]
Error in rule bismark_align_pe:
    jobid: 1
    output: /kyber/Data/NGS/projects/rrbs_chm13/bsseq/SRR951000_bismark_bt2_pe.bam
    log: /kyber/Data/NGS/projects/rrbs_chm13/SRR951000.align.log (check log file(s) for error message)
    shell:
        [ -e /kyber/Data/NGS/projects/rrbs_chm13/tmp/SRR951000 ]||mkdir -p /kyber/Data/NGS/projects/rrbs_chm13/tmp/SRR951000 && /home/phook2/software/Bismark-0.22.2/bismark --bam 	  --bowtie2 	  --genome /home/phook2/code/rrbs/chm13 	  -p 4 	  --basename SRR951000_bismark_bt2_pe 	  -1 /mithril/Data/NGS/projects/rrbs_chm13/fastq/trimmed/SRR951000_val_1.fq.gz -2 /mithril/Data/NGS/projects/rrbs_chm13/fastq/trimmed/SRR951000_val_2.fq.gz 	  --temp_dir /kyber/Data/NGS/projects/rrbs_chm13/tmp/SRR951000 	  --output_dir /kyber/Data/NGS/projects/rrbs_chm13/bsseq &> /kyber/Data/NGS/projects/rrbs_chm13/SRR951000.align.log
	
        (one of the commands exited with non-zero exit code; note that snakemake uses bash strict mode!)

Complete log: /home/phook2/code/rrbs/.snakemake/log/2021-02-06T192700.079727.snakemake.log
