Building DAG of jobs...
Using shell: /bin/bash
Provided cores: 60
Rules claiming more threads will be scaled down.
Job counts:
	count	jobs
	1	all
	44	bismark_align_pe
	44	methylation_extract
	44	trim_adaptors
	133

[Sun Feb  7 22:35:49 2021]
rule trim_adaptors:
    input: /mithril/Data/NGS/projects/rrbs_chm13/fastq/SRR951011_pass_1.fastq.gz, /mithril/Data/NGS/projects/rrbs_chm13/fastq/SRR951011_pass_2.fastq.gz
    output: /mithril/Data/NGS/projects/rrbs_chm13/fastq/trimmed/SRR951011_val_1.fq.gz, /mithril/Data/NGS/projects/rrbs_chm13/fastq/trimmed/SRR951011_val_2.fq.gz
    log: /mithril/Data/NGS/projects/rrbs_chm13/fastq/trimmed/SRR951011_trim.log
    jobid: 69
    wildcards: sample=SRR951011


[Sun Feb  7 22:35:49 2021]
rule trim_adaptors:
    input: /mithril/Data/NGS/projects/rrbs_chm13/fastq/SRR951000_pass_1.fastq.gz, /mithril/Data/NGS/projects/rrbs_chm13/fastq/SRR951000_pass_2.fastq.gz
    output: /mithril/Data/NGS/projects/rrbs_chm13/fastq/trimmed/SRR951000_val_1.fq.gz, /mithril/Data/NGS/projects/rrbs_chm13/fastq/trimmed/SRR951000_val_2.fq.gz
    log: /mithril/Data/NGS/projects/rrbs_chm13/fastq/trimmed/SRR951000_trim.log
    jobid: 37
    wildcards: sample=SRR951000


[Sun Feb  7 22:35:49 2021]
rule trim_adaptors:
    input: /mithril/Data/NGS/projects/rrbs_chm13/fastq/SRR950998_pass_1.fastq.gz, /mithril/Data/NGS/projects/rrbs_chm13/fastq/SRR950998_pass_2.fastq.gz
    output: /mithril/Data/NGS/projects/rrbs_chm13/fastq/trimmed/SRR950998_val_1.fq.gz, /mithril/Data/NGS/projects/rrbs_chm13/fastq/trimmed/SRR950998_val_2.fq.gz
    log: /mithril/Data/NGS/projects/rrbs_chm13/fastq/trimmed/SRR950998_trim.log
    jobid: 42
    wildcards: sample=SRR950998


[Sun Feb  7 22:35:49 2021]
rule trim_adaptors:
    input: /mithril/Data/NGS/projects/rrbs_chm13/fastq/SRR951018_pass_1.fastq.gz, /mithril/Data/NGS/projects/rrbs_chm13/fastq/SRR951018_pass_2.fastq.gz
    output: /mithril/Data/NGS/projects/rrbs_chm13/fastq/trimmed/SRR951018_val_1.fq.gz, /mithril/Data/NGS/projects/rrbs_chm13/fastq/trimmed/SRR951018_val_2.fq.gz
    log: /mithril/Data/NGS/projects/rrbs_chm13/fastq/trimmed/SRR951018_trim.log
    jobid: 39
    wildcards: sample=SRR951018


[Sun Feb  7 22:35:49 2021]
rule trim_adaptors:
    input: /mithril/Data/NGS/projects/rrbs_chm13/fastq/SRR951008_pass_1.fastq.gz, /mithril/Data/NGS/projects/rrbs_chm13/fastq/SRR951008_pass_2.fastq.gz
    output: /mithril/Data/NGS/projects/rrbs_chm13/fastq/trimmed/SRR951008_val_1.fq.gz, /mithril/Data/NGS/projects/rrbs_chm13/fastq/trimmed/SRR951008_val_2.fq.gz
    log: /mithril/Data/NGS/projects/rrbs_chm13/fastq/trimmed/SRR951008_trim.log
    jobid: 54
    wildcards: sample=SRR951008


[Sun Feb  7 22:35:49 2021]
rule trim_adaptors:
    input: /mithril/Data/NGS/projects/rrbs_chm13/fastq/SRR950988_pass_1.fastq.gz, /mithril/Data/NGS/projects/rrbs_chm13/fastq/SRR950988_pass_2.fastq.gz
    output: /mithril/Data/NGS/projects/rrbs_chm13/fastq/trimmed/SRR950988_val_1.fq.gz, /mithril/Data/NGS/projects/rrbs_chm13/fastq/trimmed/SRR950988_val_2.fq.gz
    log: /mithril/Data/NGS/projects/rrbs_chm13/fastq/trimmed/SRR950988_trim.log
    jobid: 12
    wildcards: sample=SRR950988


[Sun Feb  7 22:35:49 2021]
rule trim_adaptors:
    input: /mithril/Data/NGS/projects/rrbs_chm13/fastq/SRR950995_pass_1.fastq.gz, /mithril/Data/NGS/projects/rrbs_chm13/fastq/SRR950995_pass_2.fastq.gz
    output: /mithril/Data/NGS/projects/rrbs_chm13/fastq/trimmed/SRR950995_val_1.fq.gz, /mithril/Data/NGS/projects/rrbs_chm13/fastq/trimmed/SRR950995_val_2.fq.gz
    log: /mithril/Data/NGS/projects/rrbs_chm13/fastq/trimmed/SRR950995_trim.log
    jobid: 78
    wildcards: sample=SRR950995


[Sun Feb  7 22:35:49 2021]
rule trim_adaptors:
    input: /mithril/Data/NGS/projects/rrbs_chm13/fastq/SRR951001_pass_1.fastq.gz, /mithril/Data/NGS/projects/rrbs_chm13/fastq/SRR951001_pass_2.fastq.gz
    output: /mithril/Data/NGS/projects/rrbs_chm13/fastq/trimmed/SRR951001_val_1.fq.gz, /mithril/Data/NGS/projects/rrbs_chm13/fastq/trimmed/SRR951001_val_2.fq.gz
    log: /mithril/Data/NGS/projects/rrbs_chm13/fastq/trimmed/SRR951001_trim.log
    jobid: 79
    wildcards: sample=SRR951001


[Sun Feb  7 22:35:49 2021]
rule trim_adaptors:
    input: /mithril/Data/NGS/projects/rrbs_chm13/fastq/SRR950990_pass_1.fastq.gz, /mithril/Data/NGS/projects/rrbs_chm13/fastq/SRR950990_pass_2.fastq.gz
    output: /mithril/Data/NGS/projects/rrbs_chm13/fastq/trimmed/SRR950990_val_1.fq.gz, /mithril/Data/NGS/projects/rrbs_chm13/fastq/trimmed/SRR950990_val_2.fq.gz
    log: /mithril/Data/NGS/projects/rrbs_chm13/fastq/trimmed/SRR950990_trim.log
    jobid: 14
    wildcards: sample=SRR950990


[Sun Feb  7 22:35:49 2021]
rule trim_adaptors:
    input: /mithril/Data/NGS/projects/rrbs_chm13/fastq/SRR950985_pass_1.fastq.gz, /mithril/Data/NGS/projects/rrbs_chm13/fastq/SRR950985_pass_2.fastq.gz
    output: /mithril/Data/NGS/projects/rrbs_chm13/fastq/trimmed/SRR950985_val_1.fq.gz, /mithril/Data/NGS/projects/rrbs_chm13/fastq/trimmed/SRR950985_val_2.fq.gz
    log: /mithril/Data/NGS/projects/rrbs_chm13/fastq/trimmed/SRR950985_trim.log
    jobid: 81
    wildcards: sample=SRR950985


[Sun Feb  7 22:35:51 2021]
rule trim_adaptors:
    input: /mithril/Data/NGS/projects/rrbs_chm13/fastq/SRR950980_pass_1.fastq.gz, /mithril/Data/NGS/projects/rrbs_chm13/fastq/SRR950980_pass_2.fastq.gz
    output: /mithril/Data/NGS/projects/rrbs_chm13/fastq/trimmed/SRR950980_val_1.fq.gz, /mithril/Data/NGS/projects/rrbs_chm13/fastq/trimmed/SRR950980_val_2.fq.gz
    log: /mithril/Data/NGS/projects/rrbs_chm13/fastq/trimmed/SRR950980_trim.log
    jobid: 15
    wildcards: sample=SRR950980


[Sun Feb  7 22:35:53 2021]
rule trim_adaptors:
    input: /mithril/Data/NGS/projects/rrbs_chm13/fastq/SRR950978_pass_1.fastq.gz, /mithril/Data/NGS/projects/rrbs_chm13/fastq/SRR950978_pass_2.fastq.gz
    output: /mithril/Data/NGS/projects/rrbs_chm13/fastq/trimmed/SRR950978_val_1.fq.gz, /mithril/Data/NGS/projects/rrbs_chm13/fastq/trimmed/SRR950978_val_2.fq.gz
    log: /mithril/Data/NGS/projects/rrbs_chm13/fastq/trimmed/SRR950978_trim.log
    jobid: 90
    wildcards: sample=SRR950978


[Sun Feb  7 22:35:55 2021]
rule trim_adaptors:
    input: /mithril/Data/NGS/projects/rrbs_chm13/fastq/SRR950994_pass_1.fastq.gz, /mithril/Data/NGS/projects/rrbs_chm13/fastq/SRR950994_pass_2.fastq.gz
    output: /mithril/Data/NGS/projects/rrbs_chm13/fastq/trimmed/SRR950994_val_1.fq.gz, /mithril/Data/NGS/projects/rrbs_chm13/fastq/trimmed/SRR950994_val_2.fq.gz
    log: /mithril/Data/NGS/projects/rrbs_chm13/fastq/trimmed/SRR950994_trim.log
    jobid: 84
    wildcards: sample=SRR950994


[Sun Feb  7 22:35:57 2021]
rule trim_adaptors:
    input: /mithril/Data/NGS/projects/rrbs_chm13/fastq/SRR951007_pass_1.fastq.gz, /mithril/Data/NGS/projects/rrbs_chm13/fastq/SRR951007_pass_2.fastq.gz
    output: /mithril/Data/NGS/projects/rrbs_chm13/fastq/trimmed/SRR951007_val_1.fq.gz, /mithril/Data/NGS/projects/rrbs_chm13/fastq/trimmed/SRR951007_val_2.fq.gz
    log: /mithril/Data/NGS/projects/rrbs_chm13/fastq/trimmed/SRR951007_trim.log
    jobid: 48
    wildcards: sample=SRR951007


[Sun Feb  7 22:35:57 2021]
rule trim_adaptors:
    input: /mithril/Data/NGS/projects/rrbs_chm13/fastq/SRR951017_pass_1.fastq.gz, /mithril/Data/NGS/projects/rrbs_chm13/fastq/SRR951017_pass_2.fastq.gz
    output: /mithril/Data/NGS/projects/rrbs_chm13/fastq/trimmed/SRR951017_val_1.fq.gz, /mithril/Data/NGS/projects/rrbs_chm13/fastq/trimmed/SRR951017_val_2.fq.gz
    log: /mithril/Data/NGS/projects/rrbs_chm13/fastq/trimmed/SRR951017_trim.log
    jobid: 110
    wildcards: sample=SRR951017


[Sun Feb  7 22:35:57 2021]
rule trim_adaptors:
    input: /mithril/Data/NGS/projects/rrbs_chm13/fastq/SRR951009_pass_1.fastq.gz, /mithril/Data/NGS/projects/rrbs_chm13/fastq/SRR951009_pass_2.fastq.gz
    output: /mithril/Data/NGS/projects/rrbs_chm13/fastq/trimmed/SRR951009_val_1.fq.gz, /mithril/Data/NGS/projects/rrbs_chm13/fastq/trimmed/SRR951009_val_2.fq.gz
    log: /mithril/Data/NGS/projects/rrbs_chm13/fastq/trimmed/SRR951009_trim.log
    jobid: 19
    wildcards: sample=SRR951009


[Sun Feb  7 22:35:57 2021]
rule trim_adaptors:
    input: /mithril/Data/NGS/projects/rrbs_chm13/fastq/SRR950982_pass_1.fastq.gz, /mithril/Data/NGS/projects/rrbs_chm13/fastq/SRR950982_pass_2.fastq.gz
    output: /mithril/Data/NGS/projects/rrbs_chm13/fastq/trimmed/SRR950982_val_1.fq.gz, /mithril/Data/NGS/projects/rrbs_chm13/fastq/trimmed/SRR950982_val_2.fq.gz
    log: /mithril/Data/NGS/projects/rrbs_chm13/fastq/trimmed/SRR950982_trim.log
    jobid: 21
    wildcards: sample=SRR950982


[Sun Feb  7 22:35:57 2021]
rule trim_adaptors:
    input: /mithril/Data/NGS/projects/rrbs_chm13/fastq/SRR950983_pass_1.fastq.gz, /mithril/Data/NGS/projects/rrbs_chm13/fastq/SRR950983_pass_2.fastq.gz
    output: /mithril/Data/NGS/projects/rrbs_chm13/fastq/trimmed/SRR950983_val_1.fq.gz, /mithril/Data/NGS/projects/rrbs_chm13/fastq/trimmed/SRR950983_val_2.fq.gz
    log: /mithril/Data/NGS/projects/rrbs_chm13/fastq/trimmed/SRR950983_trim.log
    jobid: 64
    wildcards: sample=SRR950983


[Sun Feb  7 22:35:57 2021]
rule trim_adaptors:
    input: /mithril/Data/NGS/projects/rrbs_chm13/fastq/SRR950993_pass_1.fastq.gz, /mithril/Data/NGS/projects/rrbs_chm13/fastq/SRR950993_pass_2.fastq.gz
    output: /mithril/Data/NGS/projects/rrbs_chm13/fastq/trimmed/SRR950993_val_1.fq.gz, /mithril/Data/NGS/projects/rrbs_chm13/fastq/trimmed/SRR950993_val_2.fq.gz
    log: /mithril/Data/NGS/projects/rrbs_chm13/fastq/trimmed/SRR950993_trim.log
    jobid: 89
    wildcards: sample=SRR950993


[Sun Feb  7 22:35:57 2021]
rule trim_adaptors:
    input: /mithril/Data/NGS/projects/rrbs_chm13/fastq/SRR950987_pass_1.fastq.gz, /mithril/Data/NGS/projects/rrbs_chm13/fastq/SRR950987_pass_2.fastq.gz
    output: /mithril/Data/NGS/projects/rrbs_chm13/fastq/trimmed/SRR950987_val_1.fq.gz, /mithril/Data/NGS/projects/rrbs_chm13/fastq/trimmed/SRR950987_val_2.fq.gz
    log: /mithril/Data/NGS/projects/rrbs_chm13/fastq/trimmed/SRR950987_trim.log
    jobid: 124
    wildcards: sample=SRR950987


[Sun Feb  7 22:35:57 2021]
rule trim_adaptors:
    input: /mithril/Data/NGS/projects/rrbs_chm13/fastq/SRR950992_pass_1.fastq.gz, /mithril/Data/NGS/projects/rrbs_chm13/fastq/SRR950992_pass_2.fastq.gz
    output: /mithril/Data/NGS/projects/rrbs_chm13/fastq/trimmed/SRR950992_val_1.fq.gz, /mithril/Data/NGS/projects/rrbs_chm13/fastq/trimmed/SRR950992_val_2.fq.gz
    log: /mithril/Data/NGS/projects/rrbs_chm13/fastq/trimmed/SRR950992_trim.log
    jobid: 92
    wildcards: sample=SRR950992


[Sun Feb  7 22:35:57 2021]
rule trim_adaptors:
    input: /mithril/Data/NGS/projects/rrbs_chm13/fastq/SRR950984_pass_1.fastq.gz, /mithril/Data/NGS/projects/rrbs_chm13/fastq/SRR950984_pass_2.fastq.gz
    output: /mithril/Data/NGS/projects/rrbs_chm13/fastq/trimmed/SRR950984_val_1.fq.gz, /mithril/Data/NGS/projects/rrbs_chm13/fastq/trimmed/SRR950984_val_2.fq.gz
    log: /mithril/Data/NGS/projects/rrbs_chm13/fastq/trimmed/SRR950984_trim.log
    jobid: 131
    wildcards: sample=SRR950984


[Sun Feb  7 22:35:58 2021]
rule trim_adaptors:
    input: /mithril/Data/NGS/projects/rrbs_chm13/fastq/SRR950996_pass_1.fastq.gz, /mithril/Data/NGS/projects/rrbs_chm13/fastq/SRR950996_pass_2.fastq.gz
    output: /mithril/Data/NGS/projects/rrbs_chm13/fastq/trimmed/SRR950996_val_1.fq.gz, /mithril/Data/NGS/projects/rrbs_chm13/fastq/trimmed/SRR950996_val_2.fq.gz
    log: /mithril/Data/NGS/projects/rrbs_chm13/fastq/trimmed/SRR950996_trim.log
    jobid: 29
    wildcards: sample=SRR950996


[Sun Feb  7 22:36:00 2021]
rule trim_adaptors:
    input: /mithril/Data/NGS/projects/rrbs_chm13/fastq/SRR951019_pass_1.fastq.gz, /mithril/Data/NGS/projects/rrbs_chm13/fastq/SRR951019_pass_2.fastq.gz
    output: /mithril/Data/NGS/projects/rrbs_chm13/fastq/trimmed/SRR951019_val_1.fq.gz, /mithril/Data/NGS/projects/rrbs_chm13/fastq/trimmed/SRR951019_val_2.fq.gz
    log: /mithril/Data/NGS/projects/rrbs_chm13/fastq/trimmed/SRR951019_trim.log
    jobid: 99
    wildcards: sample=SRR951019

Terminating processes on user request, this might take some time.
[Sun Feb  7 22:36:02 2021]
Error in rule trim_adaptors:
[Sun Feb  7 22:36:02 2021]
    jobid: 19
Error in rule trim_adaptors:
[Sun Feb  7 22:36:02 2021]
    output: /mithril/Data/NGS/projects/rrbs_chm13/fastq/trimmed/SRR951009_val_1.fq.gz, /mithril/Data/NGS/projects/rrbs_chm13/fastq/trimmed/SRR951009_val_2.fq.gz
[Sun Feb  7 22:36:02 2021]
    jobid: 89
Error in rule trim_adaptors:
    log: /mithril/Data/NGS/projects/rrbs_chm13/fastq/trimmed/SRR951009_trim.log (check log file(s) for error message)
Error in rule trim_adaptors:
    output: /mithril/Data/NGS/projects/rrbs_chm13/fastq/trimmed/SRR950993_val_1.fq.gz, /mithril/Data/NGS/projects/rrbs_chm13/fastq/trimmed/SRR950993_val_2.fq.gz
    jobid: 110
    shell:
        [ -e /mithril/Data/NGS/projects/rrbs_chm13/fastq/trimmed ]||mkdir -p /mithril/Data/NGS/projects/rrbs_chm13/fastq/trimmed && trim_galore 	  --paired 	  --rrbs 	  --basename SRR951009 	  --gzip 	  --cores 4   	  -o /mithril/Data/NGS/projects/rrbs_chm13/fastq/trimmed 	  /mithril/Data/NGS/projects/rrbs_chm13/fastq/SRR951009_pass_1.fastq.gz /mithril/Data/NGS/projects/rrbs_chm13/fastq/SRR951009_pass_2.fastq.gz &> /mithril/Data/NGS/projects/rrbs_chm13/fastq/trimmed/SRR951009_trim.log
   
        (one of the commands exited with non-zero exit code; note that snakemake uses bash strict mode!)
    jobid: 92
    log: /mithril/Data/NGS/projects/rrbs_chm13/fastq/trimmed/SRR950993_trim.log (check log file(s) for error message)
    output: /mithril/Data/NGS/projects/rrbs_chm13/fastq/trimmed/SRR951017_val_1.fq.gz, /mithril/Data/NGS/projects/rrbs_chm13/fastq/trimmed/SRR951017_val_2.fq.gz

    output: /mithril/Data/NGS/projects/rrbs_chm13/fastq/trimmed/SRR950992_val_1.fq.gz, /mithril/Data/NGS/projects/rrbs_chm13/fastq/trimmed/SRR950992_val_2.fq.gz
    shell:
        [ -e /mithril/Data/NGS/projects/rrbs_chm13/fastq/trimmed ]||mkdir -p /mithril/Data/NGS/projects/rrbs_chm13/fastq/trimmed && trim_galore 	  --paired 	  --rrbs 	  --basename SRR950993 	  --gzip 	  --cores 4   	  -o /mithril/Data/NGS/projects/rrbs_chm13/fastq/trimmed 	  /mithril/Data/NGS/projects/rrbs_chm13/fastq/SRR950993_pass_1.fastq.gz /mithril/Data/NGS/projects/rrbs_chm13/fastq/SRR950993_pass_2.fastq.gz &> /mithril/Data/NGS/projects/rrbs_chm13/fastq/trimmed/SRR950993_trim.log
   
        (one of the commands exited with non-zero exit code; note that snakemake uses bash strict mode!)
    log: /mithril/Data/NGS/projects/rrbs_chm13/fastq/trimmed/SRR951017_trim.log (check log file(s) for error message)
    log: /mithril/Data/NGS/projects/rrbs_chm13/fastq/trimmed/SRR950992_trim.log (check log file(s) for error message)

    shell:
        [ -e /mithril/Data/NGS/projects/rrbs_chm13/fastq/trimmed ]||mkdir -p /mithril/Data/NGS/projects/rrbs_chm13/fastq/trimmed && trim_galore 	  --paired 	  --rrbs 	  --basename SRR951017 	  --gzip 	  --cores 4   	  -o /mithril/Data/NGS/projects/rrbs_chm13/fastq/trimmed 	  /mithril/Data/NGS/projects/rrbs_chm13/fastq/SRR951017_pass_1.fastq.gz /mithril/Data/NGS/projects/rrbs_chm13/fastq/SRR951017_pass_2.fastq.gz &> /mithril/Data/NGS/projects/rrbs_chm13/fastq/trimmed/SRR951017_trim.log
   
        (one of the commands exited with non-zero exit code; note that snakemake uses bash strict mode!)
    shell:
        [ -e /mithril/Data/NGS/projects/rrbs_chm13/fastq/trimmed ]||mkdir -p /mithril/Data/NGS/projects/rrbs_chm13/fastq/trimmed && trim_galore 	  --paired 	  --rrbs 	  --basename SRR950992 	  --gzip 	  --cores 4   	  -o /mithril/Data/NGS/projects/rrbs_chm13/fastq/trimmed 	  /mithril/Data/NGS/projects/rrbs_chm13/fastq/SRR950992_pass_1.fastq.gz /mithril/Data/NGS/projects/rrbs_chm13/fastq/SRR950992_pass_2.fastq.gz &> /mithril/Data/NGS/projects/rrbs_chm13/fastq/trimmed/SRR950992_trim.log
   
        (one of the commands exited with non-zero exit code; note that snakemake uses bash strict mode!)


[Sun Feb  7 22:36:02 2021]
Error in rule trim_adaptors:
    jobid: 29
    output: /mithril/Data/NGS/projects/rrbs_chm13/fastq/trimmed/SRR950996_val_1.fq.gz, /mithril/Data/NGS/projects/rrbs_chm13/fastq/trimmed/SRR950996_val_2.fq.gz
    log: /mithril/Data/NGS/projects/rrbs_chm13/fastq/trimmed/SRR950996_trim.log (check log file(s) for error message)
    shell:
        [ -e /mithril/Data/NGS/projects/rrbs_chm13/fastq/trimmed ]||mkdir -p /mithril/Data/NGS/projects/rrbs_chm13/fastq/trimmed && trim_galore 	  --paired 	  --rrbs 	  --basename SRR950996 	  --gzip 	  --cores 4   	  -o /mithril/Data/NGS/projects/rrbs_chm13/fastq/trimmed 	  /mithril/Data/NGS/projects/rrbs_chm13/fastq/SRR950996_pass_1.fastq.gz /mithril/Data/NGS/projects/rrbs_chm13/fastq/SRR950996_pass_2.fastq.gz &> /mithril/Data/NGS/projects/rrbs_chm13/fastq/trimmed/SRR950996_trim.log
   
        (one of the commands exited with non-zero exit code; note that snakemake uses bash strict mode!)

[Sun Feb  7 22:36:03 2021]
Error in rule trim_adaptors:
[Sun Feb  7 22:36:03 2021]
    jobid: 64
[Sun Feb  7 22:36:03 2021]
Error in rule trim_adaptors:
    output: /mithril/Data/NGS/projects/rrbs_chm13/fastq/trimmed/SRR950983_val_1.fq.gz, /mithril/Data/NGS/projects/rrbs_chm13/fastq/trimmed/SRR950983_val_2.fq.gz
[Sun Feb  7 22:36:03 2021]
[Sun Feb  7 22:36:03 2021]
Error in rule trim_adaptors:
[Sun Feb  7 22:36:03 2021]
    jobid: 131
[Sun Feb  7 22:36:03 2021]
    log: /mithril/Data/NGS/projects/rrbs_chm13/fastq/trimmed/SRR950983_trim.log (check log file(s) for error message)
[Sun Feb  7 22:36:03 2021]
Error in rule trim_adaptors:
Error in rule trim_adaptors:
    jobid: 48
Error in rule trim_adaptors:
    output: /mithril/Data/NGS/projects/rrbs_chm13/fastq/trimmed/SRR950984_val_1.fq.gz, /mithril/Data/NGS/projects/rrbs_chm13/fastq/trimmed/SRR950984_val_2.fq.gz
Error in rule trim_adaptors:
    shell:
        [ -e /mithril/Data/NGS/projects/rrbs_chm13/fastq/trimmed ]||mkdir -p /mithril/Data/NGS/projects/rrbs_chm13/fastq/trimmed && trim_galore 	  --paired 	  --rrbs 	  --basename SRR950983 	  --gzip 	  --cores 4   	  -o /mithril/Data/NGS/projects/rrbs_chm13/fastq/trimmed 	  /mithril/Data/NGS/projects/rrbs_chm13/fastq/SRR950983_pass_1.fastq.gz /mithril/Data/NGS/projects/rrbs_chm13/fastq/SRR950983_pass_2.fastq.gz &> /mithril/Data/NGS/projects/rrbs_chm13/fastq/trimmed/SRR950983_trim.log
   
        (one of the commands exited with non-zero exit code; note that snakemake uses bash strict mode!)
Error in rule trim_adaptors:
    jobid: 15
    jobid: 90
    output: /mithril/Data/NGS/projects/rrbs_chm13/fastq/trimmed/SRR951007_val_1.fq.gz, /mithril/Data/NGS/projects/rrbs_chm13/fastq/trimmed/SRR951007_val_2.fq.gz
    jobid: 21
    log: /mithril/Data/NGS/projects/rrbs_chm13/fastq/trimmed/SRR950984_trim.log (check log file(s) for error message)
    jobid: 124

    jobid: 84
    output: /mithril/Data/NGS/projects/rrbs_chm13/fastq/trimmed/SRR950980_val_1.fq.gz, /mithril/Data/NGS/projects/rrbs_chm13/fastq/trimmed/SRR950980_val_2.fq.gz
    output: /mithril/Data/NGS/projects/rrbs_chm13/fastq/trimmed/SRR950978_val_1.fq.gz, /mithril/Data/NGS/projects/rrbs_chm13/fastq/trimmed/SRR950978_val_2.fq.gz
    log: /mithril/Data/NGS/projects/rrbs_chm13/fastq/trimmed/SRR951007_trim.log (check log file(s) for error message)
    output: /mithril/Data/NGS/projects/rrbs_chm13/fastq/trimmed/SRR950982_val_1.fq.gz, /mithril/Data/NGS/projects/rrbs_chm13/fastq/trimmed/SRR950982_val_2.fq.gz
    shell:
        [ -e /mithril/Data/NGS/projects/rrbs_chm13/fastq/trimmed ]||mkdir -p /mithril/Data/NGS/projects/rrbs_chm13/fastq/trimmed && trim_galore 	  --paired 	  --rrbs 	  --basename SRR950984 	  --gzip 	  --cores 4   	  -o /mithril/Data/NGS/projects/rrbs_chm13/fastq/trimmed 	  /mithril/Data/NGS/projects/rrbs_chm13/fastq/SRR950984_pass_1.fastq.gz /mithril/Data/NGS/projects/rrbs_chm13/fastq/SRR950984_pass_2.fastq.gz &> /mithril/Data/NGS/projects/rrbs_chm13/fastq/trimmed/SRR950984_trim.log
   
        (one of the commands exited with non-zero exit code; note that snakemake uses bash strict mode!)
    output: /mithril/Data/NGS/projects/rrbs_chm13/fastq/trimmed/SRR950987_val_1.fq.gz, /mithril/Data/NGS/projects/rrbs_chm13/fastq/trimmed/SRR950987_val_2.fq.gz
    output: /mithril/Data/NGS/projects/rrbs_chm13/fastq/trimmed/SRR950994_val_1.fq.gz, /mithril/Data/NGS/projects/rrbs_chm13/fastq/trimmed/SRR950994_val_2.fq.gz
    log: /mithril/Data/NGS/projects/rrbs_chm13/fastq/trimmed/SRR950980_trim.log (check log file(s) for error message)
    log: /mithril/Data/NGS/projects/rrbs_chm13/fastq/trimmed/SRR950978_trim.log (check log file(s) for error message)
    shell:
        [ -e /mithril/Data/NGS/projects/rrbs_chm13/fastq/trimmed ]||mkdir -p /mithril/Data/NGS/projects/rrbs_chm13/fastq/trimmed && trim_galore 	  --paired 	  --rrbs 	  --basename SRR951007 	  --gzip 	  --cores 4   	  -o /mithril/Data/NGS/projects/rrbs_chm13/fastq/trimmed 	  /mithril/Data/NGS/projects/rrbs_chm13/fastq/SRR951007_pass_1.fastq.gz /mithril/Data/NGS/projects/rrbs_chm13/fastq/SRR951007_pass_2.fastq.gz &> /mithril/Data/NGS/projects/rrbs_chm13/fastq/trimmed/SRR951007_trim.log
   
        (one of the commands exited with non-zero exit code; note that snakemake uses bash strict mode!)
    log: /mithril/Data/NGS/projects/rrbs_chm13/fastq/trimmed/SRR950982_trim.log (check log file(s) for error message)

    log: /mithril/Data/NGS/projects/rrbs_chm13/fastq/trimmed/SRR950987_trim.log (check log file(s) for error message)
    log: /mithril/Data/NGS/projects/rrbs_chm13/fastq/trimmed/SRR950994_trim.log (check log file(s) for error message)
    shell:
        [ -e /mithril/Data/NGS/projects/rrbs_chm13/fastq/trimmed ]||mkdir -p /mithril/Data/NGS/projects/rrbs_chm13/fastq/trimmed && trim_galore 	  --paired 	  --rrbs 	  --basename SRR950980 	  --gzip 	  --cores 4   	  -o /mithril/Data/NGS/projects/rrbs_chm13/fastq/trimmed 	  /mithril/Data/NGS/projects/rrbs_chm13/fastq/SRR950980_pass_1.fastq.gz /mithril/Data/NGS/projects/rrbs_chm13/fastq/SRR950980_pass_2.fastq.gz &> /mithril/Data/NGS/projects/rrbs_chm13/fastq/trimmed/SRR950980_trim.log
   
        (one of the commands exited with non-zero exit code; note that snakemake uses bash strict mode!)
    shell:
        [ -e /mithril/Data/NGS/projects/rrbs_chm13/fastq/trimmed ]||mkdir -p /mithril/Data/NGS/projects/rrbs_chm13/fastq/trimmed && trim_galore 	  --paired 	  --rrbs 	  --basename SRR950978 	  --gzip 	  --cores 4   	  -o /mithril/Data/NGS/projects/rrbs_chm13/fastq/trimmed 	  /mithril/Data/NGS/projects/rrbs_chm13/fastq/SRR950978_pass_1.fastq.gz /mithril/Data/NGS/projects/rrbs_chm13/fastq/SRR950978_pass_2.fastq.gz &> /mithril/Data/NGS/projects/rrbs_chm13/fastq/trimmed/SRR950978_trim.log
   
        (one of the commands exited with non-zero exit code; note that snakemake uses bash strict mode!)

    shell:
        [ -e /mithril/Data/NGS/projects/rrbs_chm13/fastq/trimmed ]||mkdir -p /mithril/Data/NGS/projects/rrbs_chm13/fastq/trimmed && trim_galore 	  --paired 	  --rrbs 	  --basename SRR950982 	  --gzip 	  --cores 4   	  -o /mithril/Data/NGS/projects/rrbs_chm13/fastq/trimmed 	  /mithril/Data/NGS/projects/rrbs_chm13/fastq/SRR950982_pass_1.fastq.gz /mithril/Data/NGS/projects/rrbs_chm13/fastq/SRR950982_pass_2.fastq.gz &> /mithril/Data/NGS/projects/rrbs_chm13/fastq/trimmed/SRR950982_trim.log
   
        (one of the commands exited with non-zero exit code; note that snakemake uses bash strict mode!)
    shell:
        [ -e /mithril/Data/NGS/projects/rrbs_chm13/fastq/trimmed ]||mkdir -p /mithril/Data/NGS/projects/rrbs_chm13/fastq/trimmed && trim_galore 	  --paired 	  --rrbs 	  --basename SRR950987 	  --gzip 	  --cores 4   	  -o /mithril/Data/NGS/projects/rrbs_chm13/fastq/trimmed 	  /mithril/Data/NGS/projects/rrbs_chm13/fastq/SRR950987_pass_1.fastq.gz /mithril/Data/NGS/projects/rrbs_chm13/fastq/SRR950987_pass_2.fastq.gz &> /mithril/Data/NGS/projects/rrbs_chm13/fastq/trimmed/SRR950987_trim.log
   
        (one of the commands exited with non-zero exit code; note that snakemake uses bash strict mode!)
    shell:
        [ -e /mithril/Data/NGS/projects/rrbs_chm13/fastq/trimmed ]||mkdir -p /mithril/Data/NGS/projects/rrbs_chm13/fastq/trimmed && trim_galore 	  --paired 	  --rrbs 	  --basename SRR950994 	  --gzip 	  --cores 4   	  -o /mithril/Data/NGS/projects/rrbs_chm13/fastq/trimmed 	  /mithril/Data/NGS/projects/rrbs_chm13/fastq/SRR950994_pass_1.fastq.gz /mithril/Data/NGS/projects/rrbs_chm13/fastq/SRR950994_pass_2.fastq.gz &> /mithril/Data/NGS/projects/rrbs_chm13/fastq/trimmed/SRR950994_trim.log
   
        (one of the commands exited with non-zero exit code; note that snakemake uses bash strict mode!)





[Sun Feb  7 22:36:28 2021]
Error in rule trim_adaptors:
    jobid: 12
    output: /mithril/Data/NGS/projects/rrbs_chm13/fastq/trimmed/SRR950988_val_1.fq.gz, /mithril/Data/NGS/projects/rrbs_chm13/fastq/trimmed/SRR950988_val_2.fq.gz
    log: /mithril/Data/NGS/projects/rrbs_chm13/fastq/trimmed/SRR950988_trim.log (check log file(s) for error message)
    shell:
        [ -e /mithril/Data/NGS/projects/rrbs_chm13/fastq/trimmed ]||mkdir -p /mithril/Data/NGS/projects/rrbs_chm13/fastq/trimmed && trim_galore 	  --paired 	  --rrbs 	  --basename SRR950988 	  --gzip 	  --cores 4   	  -o /mithril/Data/NGS/projects/rrbs_chm13/fastq/trimmed 	  /mithril/Data/NGS/projects/rrbs_chm13/fastq/SRR950988_pass_1.fastq.gz /mithril/Data/NGS/projects/rrbs_chm13/fastq/SRR950988_pass_2.fastq.gz &> /mithril/Data/NGS/projects/rrbs_chm13/fastq/trimmed/SRR950988_trim.log
   
        (one of the commands exited with non-zero exit code; note that snakemake uses bash strict mode!)

[Sun Feb  7 22:36:29 2021]
Error in rule trim_adaptors:
    jobid: 69
    output: /mithril/Data/NGS/projects/rrbs_chm13/fastq/trimmed/SRR951011_val_1.fq.gz, /mithril/Data/NGS/projects/rrbs_chm13/fastq/trimmed/SRR951011_val_2.fq.gz
    log: /mithril/Data/NGS/projects/rrbs_chm13/fastq/trimmed/SRR951011_trim.log (check log file(s) for error message)
    shell:
        [ -e /mithril/Data/NGS/projects/rrbs_chm13/fastq/trimmed ]||mkdir -p /mithril/Data/NGS/projects/rrbs_chm13/fastq/trimmed && trim_galore 	  --paired 	  --rrbs 	  --basename SRR951011 	  --gzip 	  --cores 4   	  -o /mithril/Data/NGS/projects/rrbs_chm13/fastq/trimmed 	  /mithril/Data/NGS/projects/rrbs_chm13/fastq/SRR951011_pass_1.fastq.gz /mithril/Data/NGS/projects/rrbs_chm13/fastq/SRR951011_pass_2.fastq.gz &> /mithril/Data/NGS/projects/rrbs_chm13/fastq/trimmed/SRR951011_trim.log
   
        (one of the commands exited with non-zero exit code; note that snakemake uses bash strict mode!)

[Sun Feb  7 22:36:29 2021]
Error in rule trim_adaptors:
    jobid: 14
    output: /mithril/Data/NGS/projects/rrbs_chm13/fastq/trimmed/SRR950990_val_1.fq.gz, /mithril/Data/NGS/projects/rrbs_chm13/fastq/trimmed/SRR950990_val_2.fq.gz
    log: /mithril/Data/NGS/projects/rrbs_chm13/fastq/trimmed/SRR950990_trim.log (check log file(s) for error message)
    shell:
        [ -e /mithril/Data/NGS/projects/rrbs_chm13/fastq/trimmed ]||mkdir -p /mithril/Data/NGS/projects/rrbs_chm13/fastq/trimmed && trim_galore 	  --paired 	  --rrbs 	  --basename SRR950990 	  --gzip 	  --cores 4   	  -o /mithril/Data/NGS/projects/rrbs_chm13/fastq/trimmed 	  /mithril/Data/NGS/projects/rrbs_chm13/fastq/SRR950990_pass_1.fastq.gz /mithril/Data/NGS/projects/rrbs_chm13/fastq/SRR950990_pass_2.fastq.gz &> /mithril/Data/NGS/projects/rrbs_chm13/fastq/trimmed/SRR950990_trim.log
   
        (one of the commands exited with non-zero exit code; note that snakemake uses bash strict mode!)

[Sun Feb  7 22:36:29 2021]
Error in rule trim_adaptors:
    jobid: 54
    output: /mithril/Data/NGS/projects/rrbs_chm13/fastq/trimmed/SRR951008_val_1.fq.gz, /mithril/Data/NGS/projects/rrbs_chm13/fastq/trimmed/SRR951008_val_2.fq.gz
    log: /mithril/Data/NGS/projects/rrbs_chm13/fastq/trimmed/SRR951008_trim.log (check log file(s) for error message)
    shell:
        [ -e /mithril/Data/NGS/projects/rrbs_chm13/fastq/trimmed ]||mkdir -p /mithril/Data/NGS/projects/rrbs_chm13/fastq/trimmed && trim_galore 	  --paired 	  --rrbs 	  --basename SRR951008 	  --gzip 	  --cores 4   	  -o /mithril/Data/NGS/projects/rrbs_chm13/fastq/trimmed 	  /mithril/Data/NGS/projects/rrbs_chm13/fastq/SRR951008_pass_1.fastq.gz /mithril/Data/NGS/projects/rrbs_chm13/fastq/SRR951008_pass_2.fastq.gz &> /mithril/Data/NGS/projects/rrbs_chm13/fastq/trimmed/SRR951008_trim.log
   
        (one of the commands exited with non-zero exit code; note that snakemake uses bash strict mode!)

[Sun Feb  7 22:36:29 2021]
Error in rule trim_adaptors:
    jobid: 42
    output: /mithril/Data/NGS/projects/rrbs_chm13/fastq/trimmed/SRR950998_val_1.fq.gz, /mithril/Data/NGS/projects/rrbs_chm13/fastq/trimmed/SRR950998_val_2.fq.gz
    log: /mithril/Data/NGS/projects/rrbs_chm13/fastq/trimmed/SRR950998_trim.log (check log file(s) for error message)
    shell:
        [ -e /mithril/Data/NGS/projects/rrbs_chm13/fastq/trimmed ]||mkdir -p /mithril/Data/NGS/projects/rrbs_chm13/fastq/trimmed && trim_galore 	  --paired 	  --rrbs 	  --basename SRR950998 	  --gzip 	  --cores 4   	  -o /mithril/Data/NGS/projects/rrbs_chm13/fastq/trimmed 	  /mithril/Data/NGS/projects/rrbs_chm13/fastq/SRR950998_pass_1.fastq.gz /mithril/Data/NGS/projects/rrbs_chm13/fastq/SRR950998_pass_2.fastq.gz &> /mithril/Data/NGS/projects/rrbs_chm13/fastq/trimmed/SRR950998_trim.log
   
        (one of the commands exited with non-zero exit code; note that snakemake uses bash strict mode!)

[Sun Feb  7 22:36:29 2021]
Error in rule trim_adaptors:
    jobid: 79
    output: /mithril/Data/NGS/projects/rrbs_chm13/fastq/trimmed/SRR951001_val_1.fq.gz, /mithril/Data/NGS/projects/rrbs_chm13/fastq/trimmed/SRR951001_val_2.fq.gz
    log: /mithril/Data/NGS/projects/rrbs_chm13/fastq/trimmed/SRR951001_trim.log (check log file(s) for error message)
    shell:
        [ -e /mithril/Data/NGS/projects/rrbs_chm13/fastq/trimmed ]||mkdir -p /mithril/Data/NGS/projects/rrbs_chm13/fastq/trimmed && trim_galore 	  --paired 	  --rrbs 	  --basename SRR951001 	  --gzip 	  --cores 4   	  -o /mithril/Data/NGS/projects/rrbs_chm13/fastq/trimmed 	  /mithril/Data/NGS/projects/rrbs_chm13/fastq/SRR951001_pass_1.fastq.gz /mithril/Data/NGS/projects/rrbs_chm13/fastq/SRR951001_pass_2.fastq.gz &> /mithril/Data/NGS/projects/rrbs_chm13/fastq/trimmed/SRR951001_trim.log
   
        (one of the commands exited with non-zero exit code; note that snakemake uses bash strict mode!)

[Sun Feb  7 22:36:29 2021]
Error in rule trim_adaptors:
    jobid: 81
    output: /mithril/Data/NGS/projects/rrbs_chm13/fastq/trimmed/SRR950985_val_1.fq.gz, /mithril/Data/NGS/projects/rrbs_chm13/fastq/trimmed/SRR950985_val_2.fq.gz
    log: /mithril/Data/NGS/projects/rrbs_chm13/fastq/trimmed/SRR950985_trim.log (check log file(s) for error message)
    shell:
        [ -e /mithril/Data/NGS/projects/rrbs_chm13/fastq/trimmed ]||mkdir -p /mithril/Data/NGS/projects/rrbs_chm13/fastq/trimmed && trim_galore 	  --paired 	  --rrbs 	  --basename SRR950985 	  --gzip 	  --cores 4   	  -o /mithril/Data/NGS/projects/rrbs_chm13/fastq/trimmed 	  /mithril/Data/NGS/projects/rrbs_chm13/fastq/SRR950985_pass_1.fastq.gz /mithril/Data/NGS/projects/rrbs_chm13/fastq/SRR950985_pass_2.fastq.gz &> /mithril/Data/NGS/projects/rrbs_chm13/fastq/trimmed/SRR950985_trim.log
   
        (one of the commands exited with non-zero exit code; note that snakemake uses bash strict mode!)

[Sun Feb  7 22:36:29 2021]
Error in rule trim_adaptors:
    jobid: 78
    output: /mithril/Data/NGS/projects/rrbs_chm13/fastq/trimmed/SRR950995_val_1.fq.gz, /mithril/Data/NGS/projects/rrbs_chm13/fastq/trimmed/SRR950995_val_2.fq.gz
    log: /mithril/Data/NGS/projects/rrbs_chm13/fastq/trimmed/SRR950995_trim.log (check log file(s) for error message)
    shell:
        [ -e /mithril/Data/NGS/projects/rrbs_chm13/fastq/trimmed ]||mkdir -p /mithril/Data/NGS/projects/rrbs_chm13/fastq/trimmed && trim_galore 	  --paired 	  --rrbs 	  --basename SRR950995 	  --gzip 	  --cores 4   	  -o /mithril/Data/NGS/projects/rrbs_chm13/fastq/trimmed 	  /mithril/Data/NGS/projects/rrbs_chm13/fastq/SRR950995_pass_1.fastq.gz /mithril/Data/NGS/projects/rrbs_chm13/fastq/SRR950995_pass_2.fastq.gz &> /mithril/Data/NGS/projects/rrbs_chm13/fastq/trimmed/SRR950995_trim.log
   
        (one of the commands exited with non-zero exit code; note that snakemake uses bash strict mode!)

[Sun Feb  7 22:36:30 2021]
Error in rule trim_adaptors:
    jobid: 39
    output: /mithril/Data/NGS/projects/rrbs_chm13/fastq/trimmed/SRR951018_val_1.fq.gz, /mithril/Data/NGS/projects/rrbs_chm13/fastq/trimmed/SRR951018_val_2.fq.gz
    log: /mithril/Data/NGS/projects/rrbs_chm13/fastq/trimmed/SRR951018_trim.log (check log file(s) for error message)
    shell:
        [ -e /mithril/Data/NGS/projects/rrbs_chm13/fastq/trimmed ]||mkdir -p /mithril/Data/NGS/projects/rrbs_chm13/fastq/trimmed && trim_galore 	  --paired 	  --rrbs 	  --basename SRR951018 	  --gzip 	  --cores 4   	  -o /mithril/Data/NGS/projects/rrbs_chm13/fastq/trimmed 	  /mithril/Data/NGS/projects/rrbs_chm13/fastq/SRR951018_pass_1.fastq.gz /mithril/Data/NGS/projects/rrbs_chm13/fastq/SRR951018_pass_2.fastq.gz &> /mithril/Data/NGS/projects/rrbs_chm13/fastq/trimmed/SRR951018_trim.log
   
        (one of the commands exited with non-zero exit code; note that snakemake uses bash strict mode!)

[Sun Feb  7 22:36:33 2021]
Error in rule trim_adaptors:
    jobid: 37
    output: /mithril/Data/NGS/projects/rrbs_chm13/fastq/trimmed/SRR951000_val_1.fq.gz, /mithril/Data/NGS/projects/rrbs_chm13/fastq/trimmed/SRR951000_val_2.fq.gz
    log: /mithril/Data/NGS/projects/rrbs_chm13/fastq/trimmed/SRR951000_trim.log (check log file(s) for error message)
    shell:
        [ -e /mithril/Data/NGS/projects/rrbs_chm13/fastq/trimmed ]||mkdir -p /mithril/Data/NGS/projects/rrbs_chm13/fastq/trimmed && trim_galore 	  --paired 	  --rrbs 	  --basename SRR951000 	  --gzip 	  --cores 4   	  -o /mithril/Data/NGS/projects/rrbs_chm13/fastq/trimmed 	  /mithril/Data/NGS/projects/rrbs_chm13/fastq/SRR951000_pass_1.fastq.gz /mithril/Data/NGS/projects/rrbs_chm13/fastq/SRR951000_pass_2.fastq.gz &> /mithril/Data/NGS/projects/rrbs_chm13/fastq/trimmed/SRR951000_trim.log
   
        (one of the commands exited with non-zero exit code; note that snakemake uses bash strict mode!)

Complete log: /home/phook2/code/rrbs/.snakemake/log/2021-02-07T223549.395748.snakemake.log
